[debug] [2023-01-08T16:09:12.576Z] ----------------------------------------------------------------------
[debug] [2023-01-08T16:09:12.579Z] Command:       /usr/local/bin/node /usr/local/bin/firebase deploy --only hosting:ngodings-npm --token 1//0gmmK9YICzn7ECgYIARAAGBASNwF-L9Ir0Bp8ZmaYoF2XBkqBSKtvqqMcmiEQM-1BIpwH_5prap6hh6JPEEwqiRl3nV-JwlF2wk4 --non-interactive
[debug] [2023-01-08T16:09:12.579Z] CLI Version:   10.6.0
[debug] [2023-01-08T16:09:12.579Z] Platform:      darwin
[debug] [2023-01-08T16:09:12.579Z] Node Version:  v19.3.0
[debug] [2023-01-08T16:09:12.580Z] Time:          Sun Jan 08 2023 23:09:12 GMT+0700 (Western Indonesia Time)
[debug] [2023-01-08T16:09:12.580Z] ----------------------------------------------------------------------
[debug] 
[debug] [2023-01-08T16:09:12.638Z] > command requires scopes: ["email","openid","https://www.googleapis.com/auth/cloudplatformprojects.readonly","https://www.googleapis.com/auth/firebase","https://www.googleapis.com/auth/cloud-platform"]
[debug] [2023-01-08T16:09:12.638Z] > authorizing via --token option
[debug] [2023-01-08T16:09:12.638Z] [iam] checking project mti-group-96 for permissions ["firebase.projects.get","firebasehosting.sites.update"]
[debug] [2023-01-08T16:09:12.640Z] > refreshing access token with scopes: []
[debug] [2023-01-08T16:09:12.640Z] >>> HTTP REQUEST POST https://www.googleapis.com/oauth2/v3/token  
 <request body omitted>
[debug] [2023-01-08T16:09:12.833Z] <<< HTTP RESPONSE 200 {"cache-control":"no-cache, no-store, max-age=0, must-revalidate","date":"Sun, 08 Jan 2023 16:09:12 GMT","expires":"Mon, 01 Jan 1990 00:00:00 GMT","pragma":"no-cache","content-type":"application/json; charset=utf-8","vary":"X-Origin, Referer, Origin,Accept-Encoding","server":"scaffolding on HTTPServer2","x-xss-protection":"0","x-frame-options":"SAMEORIGIN","x-content-type-options":"nosniff","alt-svc":"h3=\":443\"; ma=2592000,h3-29=\":443\"; ma=2592000,h3-Q050=\":443\"; ma=2592000,h3-Q046=\":443\"; ma=2592000,h3-Q043=\":443\"; ma=2592000,quic=\":443\"; ma=2592000; v=\"46,43\"","accept-ranges":"none","transfer-encoding":"chunked"}
[debug] [2023-01-08T16:09:12.836Z] >>> [apiv2][query] POST https://cloudresourcemanager.googleapis.com/v1/projects/mti-group-96:testIamPermissions [none]
[debug] [2023-01-08T16:09:12.836Z] >>> [apiv2][body] POST https://cloudresourcemanager.googleapis.com/v1/projects/mti-group-96:testIamPermissions {"permissions":["firebase.projects.get","firebasehosting.sites.update"]}
[debug] [2023-01-08T16:09:13.931Z] <<< [apiv2][status] POST https://cloudresourcemanager.googleapis.com/v1/projects/mti-group-96:testIamPermissions 200
[debug] [2023-01-08T16:09:13.931Z] <<< [apiv2][body] POST https://cloudresourcemanager.googleapis.com/v1/projects/mti-group-96:testIamPermissions {"permissions":["firebase.projects.get","firebasehosting.sites.update"]}
[debug] [2023-01-08T16:09:13.932Z] >>> [apiv2][query] GET https://firebase.googleapis.com/v1beta1/projects/mti-group-96 [none]
[debug] [2023-01-08T16:09:14.343Z] <<< [apiv2][status] GET https://firebase.googleapis.com/v1beta1/projects/mti-group-96 200
[debug] [2023-01-08T16:09:14.343Z] <<< [apiv2][body] GET https://firebase.googleapis.com/v1beta1/projects/mti-group-96 {"projectId":"mti-group-96","projectNumber":"212701509842","displayName":"Monkey Teknologi Indonesia","name":"projects/mti-group-96","resources":{"hostingSite":"mti-group-96","storageBucket":"mti-group-96.appspot.com","locationId":"asia-southeast2"},"state":"ACTIVE","etag":"1_5f86ed90-dbd8-45dd-a9cc-f740a29d37f6"}
[info] 
[info] === Deploying to 'mti-group-96'...
[info] 
[info] i  deploying hosting 
[debug] [2023-01-08T16:09:14.347Z] >>> [apiv2][query] GET https://firebase.googleapis.com/v1beta1/projects/mti-group-96 [none]
[debug] [2023-01-08T16:09:14.956Z] <<< [apiv2][status] GET https://firebase.googleapis.com/v1beta1/projects/mti-group-96 200
[debug] [2023-01-08T16:09:14.956Z] <<< [apiv2][body] GET https://firebase.googleapis.com/v1beta1/projects/mti-group-96 {"projectId":"mti-group-96","projectNumber":"212701509842","displayName":"Monkey Teknologi Indonesia","name":"projects/mti-group-96","resources":{"hostingSite":"mti-group-96","storageBucket":"mti-group-96.appspot.com","locationId":"asia-southeast2"},"state":"ACTIVE","etag":"1_5f86ed90-dbd8-45dd-a9cc-f740a29d37f6"}
[debug] [2023-01-08T16:09:14.959Z] >>> [apiv2][query] POST https://firebasehosting.googleapis.com/v1beta1/projects/212701509842/sites/ngodings-npm/versions [none]
[debug] [2023-01-08T16:09:14.959Z] >>> [apiv2][body] POST https://firebasehosting.googleapis.com/v1beta1/projects/212701509842/sites/ngodings-npm/versions {"config":{"rewrites":[{"glob":"/public/**","path":"/public.html"},{"glob":"**","path":"/index.html"}]},"labels":{"deployment-tool":"cli-firebase"}}
[debug] [2023-01-08T16:09:16.231Z] <<< [apiv2][status] POST https://firebasehosting.googleapis.com/v1beta1/projects/212701509842/sites/ngodings-npm/versions 200
[debug] [2023-01-08T16:09:16.231Z] <<< [apiv2][body] POST https://firebasehosting.googleapis.com/v1beta1/projects/212701509842/sites/ngodings-npm/versions {"name":"projects/212701509842/sites/ngodings-npm/versions/5683eac53e8a1087","status":"CREATED","config":{"rewrites":[{"glob":"/public/**","path":"/public.html"},{"glob":"**","path":"/index.html"}]},"labels":{"deployment-tool":"cli-firebase"}}
[info] i  hosting[ngodings-npm]: beginning deploy... 
[info] i  hosting[ngodings-npm]: found 52 files in ./dist/ngodings 
[debug] [2023-01-08T16:09:16.247Z] [hosting] uploading with 200 concurrency
[debug] [2023-01-08T16:09:16.416Z] [hosting] hash cache [ZGlzdC9uZ29kaW5ncw] stored for 52 files
[debug] [2023-01-08T16:09:16.417Z] [hosting][hash queue][FINAL] {"max":162,"min":38,"avg":69.73076923076923,"active":0,"complete":52,"success":52,"errored":0,"retried":0,"total":52,"elapsed":167}
[debug] [2023-01-08T16:09:16.417Z] >>> [apiv2][query] POST https://firebasehosting.googleapis.com/v1beta1/projects/212701509842/sites/ngodings-npm/versions/5683eac53e8a1087:populateFiles [none]
[debug] [2023-01-08T16:09:16.417Z] >>> [apiv2][body] POST https://firebasehosting.googleapis.com/v1beta1/projects/212701509842/sites/ngodings-npm/versions/5683eac53e8a1087:populateFiles {"files":{"/123.b8e040f69c42af88.js":"8188d38000e2a752e00b48a64fa5bba830561efae7ee4fab1969bd852cefa265","/113.bc2f19c810b569b1.js":"8f27e45944a0c48c3fc516b10c38d88b2d38263f2e4b1fa287438cabdfe5f0a9","/15.db2f67a796273b9c.js":"dfff8d4f9d6fca9776e0350f47015c28b6a8a7cbe33ad5e190c8572d5a8276be","/167.50c4205da714e1d2.js":"c64357e6577eab98e29261cfe624365541c7cff060c85d5f243fb9bbee5c5006","/145.b270ac145a9952b9.js":"666b02f6dde8916f1fe89bd97b117757ec756819010b6648aa10b290ef59859b","/272.19572080db510c1e.js":"a14cbdd7abbe505877a7602c48567e8790520909d14ab3462f44128502ec4b41","/353.3a293af8561274e7.js":"9fd610ebe1f9c8ce7e59cbc4c0965e3468ace7f76ffc8fcf93405a304836e7f7","/543.5f6dd4b59f2c229e.js":"9a43b16195e456e26553f6e1261f3cc075d1819a9342c7d7bea632af663c6b14","/565.807ecc88f7a65ce0.js":"effb9c9d97977eaef48331ce267f338f7ae1003a717c3846f04fdf384d3f1752","/605.abcdc610851b361a.js":"2dfb0d993a118ab110af74b462a303d376bbf5e8821d5a5a7f60e12e35168dc0","/651.cbbe31d059d0e2fd.js":"2e39e9955afad79280b38a8e04323fc01624f68da7edb0c8d2c70b646d6c7f77","/721.6a1abf90ccf0bec7.js":"e6c7167c403934a6e8080cd9352ef586c847b89ffff4cd89bcdb1c619856b024","/3rdpartylicenses.txt":"b4267b094f1c8d457a3144f80eb8d42ade5d0c7624ce2db603356f9746fd577f","/favicon.ico":"a2aee5309d0b59b9b66384ccc3969a07fab1b320d0bf76f1b25047a051d7f774","/common.eaa69caef543c14f.js":"c8aef9e3a7516c901663f5796f1dc9fde34709b80ff7da4a917ea74f3474a808","/index.html":"7314161d4984345a56851ec330ebe9de761a2e7f497f1494dc46ff1fbad2d31a","/manifest.webmanifest":"8005b8ef3f7e0627bea1c0aee802b1252741991ab16dda4bdf8ecc31ab1a0dd5","/ngsw.json":"6289adaca11c891babf016190fb1bd87b3894a5305e1ca5fa1d854efda9a6856","/runtime.219f71cd840440f1.js":"f06f9ed76a6f5e18c409fa74da07bd1e4512f8596925a9586f14e8548680a554","/polyfills.081f8b084fa1304c.js":"015d24895c714a03abcb6a4b2d481a15eee331e880f56164875f9a88adedb7be","/assets/favicon.png":"a005836bb07423c3323cc091ab1a89e1a0d52c70a2d4c0a0a9078fbb7c888702","/assets/icons/icon-128x128.png":"b3dff5fbecbe8011e2bf508ddbaa1a408743ffc20b09e8faaf23413d69ea716b","/assets/icons/icon-144x144.png":"fd4f3a365d990a3cec5936c71ca93d5ca170735b21121a688b81ebf945f388c6","/assets/icons/icon-152x152.png":"e9f03d043c1794babd5883048e11826e3eda4727b89b1b8f976fa6ef708c13ca","/assets/icons/icon-192x192.png":"5976c6e3cbc81417abe1aae7adb18ddb0a09d0ad7aa6142d62455c95883353ab","/assets/icons/icon-384x384.png":"d20ffcba9ab0e783df6b2f5e426108ec21d268c0a68964ebdedfb206ec9ebf5c","/assets/icons/icon-72x72.png":"4ee9e82e59a47017f3bdc405d5b39c06c368bf0ef4d70ee9465cd31a296dea8f","/assets/icons/icon-96x96.png":"7b8540a9162ff0a1e8a0dbf85c2bdbd3d62ffd48230b84f791ecc8bb07a40b75","/ngsw-worker.js":"0d01e62b18dfb3080632d5d961c43b33218eaf94ef33592ab0b526dbdea30dba","/assets/logo-white.png":"87640a138a23f18cc04179dd2070c02458c3d63814d569dbbde54fee485a513e","/assets/icons/icon-512x512.png":"447aecd4b4430d5baca70b6c000ea959203ddaa5ec050bca5e2c9fd832944aa5","/safety-worker.js":"0d01e62b18dfb3080632d5d961c43b33218eaf94ef33592ab0b526dbdea30dba","/144.8965a308d74114a8.js":"2010b7d6fe1dd51574ab62f8142d55c30fab12b8357aa12c9a4d76e315d332fe","/assets/logo.png":"e7b8f33f7acfae4d3deb0f25325ba0afc45a64960bbd9f946ea0750cff7cbc05","/worker-basic.min.js":"0d01e62b18dfb3080632d5d961c43b33218eaf94ef33592ab0b526dbdea30dba","/assets/svg/facebook.svg":"31bc13a61630e79da3e4a707196518f2cbb18c5feccc1d8ad53ff4b213fa8b9c","/assets/svg/instagram.svg":"3f2b78f88123adf4f9ee9183aaa21d181cfc5e3a6b0cd4591fe07bc9242a6cd7","/styles.c96eb6dc2e19645d.css":"8453e6ba3f4b791c635cae142d06060e92e2841e1f38c3f2c5dfb4293eb276b9","/assets/angular.png":"4d1c640dcdd4681d0df82be3db2642302bb7eb546142d4f0c5c5063bd80c4a97","/material-icons.59322316b3fd6063.woff2":"d0ac152cebed5d2c0f6de80ffd3ae025b4b09c44d6eaf46073ac24fd79ea4e8c","/material-icons-sharp.3885863ee4746422.woff2":"95b7776152669e7cec7ec53517d80d5332de0ed76cf748f100e282290a5eb446","/material-icons-outlined.f86cb7b0aa53f0fe.woff2":"a34ac1b639882112d5d02bf06b4db5b46d5d503dee74e5fd48915fb9c3d847c8","/material-icons-sharp.a71cb2bf66c604de.woff":"6cea1ad3381b86df3ebb864bd8b3eab8a55869a2abd9f73de2fcc905b442542c","/material-icons-round.b10ec9db5b7fbc74.woff2":"9decbfd802fc1109ea67eff64eb2b7fd818fa6387f2cda27fcb5ffbe650842dd","/material-icons.4ad034d2c499d9b6.woff":"f1274ddc3e217e312a25e9fd30e95bd7b448cde3d26f74b9313efa47826cf5c4","/material-icons-outlined.78a93b2079680a08.woff":"7b1ad788a4e9c5d2d3366d601d3b0abd8f7296c3f3c51cf66f9223c0cb8e080a","/material-icons-round.92dc7ca2f4c591e7.woff":"6f6b5cecaa3a7be9528a754bc33d5f1f833517fb2fe8de8c343314bd57c17f26","/main.dcc09e415e69aa98.js":"c1348dd5b724033af267d7d2ddf6ab3e96b1c4a85de91e5746b7835a774b6377","/material-icons-two-tone.675bd578bd14533e.woff2":"bf7426ea6ffb38273d3ab81c961e43221339bc05dc351f374dad94856e38d725","/359.343a9f9eb45105f2.js":"b6d808e216f50a770492f34a36ec838365944c5bcddead9118415d2ec8b482d2","/material-icons-two-tone.588d63134de807a7.woff":"1311f92746a36b8e0e35e5d214afeaedecb99d92ffb42639892d492d1c335bd6","/207.c6bbb35d71519fcf.js":"928dc48f7ef8a84a2ac3da3d6c489c79098d6695fa1b970a107b0b775eac7ed3"}}
[debug] [2023-01-08T16:09:16.902Z] <<< [apiv2][status] POST https://firebasehosting.googleapis.com/v1beta1/projects/212701509842/sites/ngodings-npm/versions/5683eac53e8a1087:populateFiles 200
[debug] [2023-01-08T16:09:16.902Z] <<< [apiv2][body] POST https://firebasehosting.googleapis.com/v1beta1/projects/212701509842/sites/ngodings-npm/versions/5683eac53e8a1087:populateFiles {"uploadRequiredHashes":["f06f9ed76a6f5e18c409fa74da07bd1e4512f8596925a9586f14e8548680a554","dfff8d4f9d6fca9776e0350f47015c28b6a8a7cbe33ad5e190c8572d5a8276be","928dc48f7ef8a84a2ac3da3d6c489c79098d6695fa1b970a107b0b775eac7ed3","7314161d4984345a56851ec330ebe9de761a2e7f497f1494dc46ff1fbad2d31a","b6d808e216f50a770492f34a36ec838365944c5bcddead9118415d2ec8b482d2","666b02f6dde8916f1fe89bd97b117757ec756819010b6648aa10b290ef59859b","a14cbdd7abbe505877a7602c48567e8790520909d14ab3462f44128502ec4b41","8f27e45944a0c48c3fc516b10c38d88b2d38263f2e4b1fa287438cabdfe5f0a9","6289adaca11c891babf016190fb1bd87b3894a5305e1ca5fa1d854efda9a6856","2e39e9955afad79280b38a8e04323fc01624f68da7edb0c8d2c70b646d6c7f77","9a43b16195e456e26553f6e1261f3cc075d1819a9342c7d7bea632af663c6b14","2dfb0d993a118ab110af74b462a303d376bbf5e8821d5a5a7f60e12e35168dc0","9fd610ebe1f9c8ce7e59cbc4c0965e3468ace7f76ffc8fcf93405a304836e7f7","c1348dd5b724033af267d7d2ddf6ab3e96b1c4a85de91e5746b7835a774b6377","effb9c9d97977eaef48331ce267f338f7ae1003a717c3846f04fdf384d3f1752","c64357e6577eab98e29261cfe624365541c7cff060c85d5f243fb9bbee5c5006","e6c7167c403934a6e8080cd9352ef586c847b89ffff4cd89bcdb1c619856b024"],"uploadUrl":"https://upload-firebasehosting.googleapis.com/upload/sites/ngodings-npm/versions/5683eac53e8a1087/files"}
[debug] [2023-01-08T16:09:16.906Z] >>> [apiv2][query] POST https://upload-firebasehosting.googleapis.com/upload/sites/ngodings-npm/versions/5683eac53e8a1087/files/f06f9ed76a6f5e18c409fa74da07bd1e4512f8596925a9586f14e8548680a554 [none]
[debug] [2023-01-08T16:09:16.907Z] >>> [apiv2][body] POST https://upload-firebasehosting.googleapis.com/upload/sites/ngodings-npm/versions/5683eac53e8a1087/files/f06f9ed76a6f5e18c409fa74da07bd1e4512f8596925a9586f14e8548680a554 [stream]
[debug] [2023-01-08T16:09:16.908Z] >>> [apiv2][query] POST https://upload-firebasehosting.googleapis.com/upload/sites/ngodings-npm/versions/5683eac53e8a1087/files/dfff8d4f9d6fca9776e0350f47015c28b6a8a7cbe33ad5e190c8572d5a8276be [none]
[debug] [2023-01-08T16:09:16.909Z] >>> [apiv2][body] POST https://upload-firebasehosting.googleapis.com/upload/sites/ngodings-npm/versions/5683eac53e8a1087/files/dfff8d4f9d6fca9776e0350f47015c28b6a8a7cbe33ad5e190c8572d5a8276be [stream]
[debug] [2023-01-08T16:09:16.910Z] >>> [apiv2][query] POST https://upload-firebasehosting.googleapis.com/upload/sites/ngodings-npm/versions/5683eac53e8a1087/files/928dc48f7ef8a84a2ac3da3d6c489c79098d6695fa1b970a107b0b775eac7ed3 [none]
[debug] [2023-01-08T16:09:16.910Z] >>> [apiv2][body] POST https://upload-firebasehosting.googleapis.com/upload/sites/ngodings-npm/versions/5683eac53e8a1087/files/928dc48f7ef8a84a2ac3da3d6c489c79098d6695fa1b970a107b0b775eac7ed3 [stream]
[debug] [2023-01-08T16:09:16.912Z] >>> [apiv2][query] POST https://upload-firebasehosting.googleapis.com/upload/sites/ngodings-npm/versions/5683eac53e8a1087/files/7314161d4984345a56851ec330ebe9de761a2e7f497f1494dc46ff1fbad2d31a [none]
[debug] [2023-01-08T16:09:16.912Z] >>> [apiv2][body] POST https://upload-firebasehosting.googleapis.com/upload/sites/ngodings-npm/versions/5683eac53e8a1087/files/7314161d4984345a56851ec330ebe9de761a2e7f497f1494dc46ff1fbad2d31a [stream]
[debug] [2023-01-08T16:09:16.914Z] >>> [apiv2][query] POST https://upload-firebasehosting.googleapis.com/upload/sites/ngodings-npm/versions/5683eac53e8a1087/files/b6d808e216f50a770492f34a36ec838365944c5bcddead9118415d2ec8b482d2 [none]
[debug] [2023-01-08T16:09:16.914Z] >>> [apiv2][body] POST https://upload-firebasehosting.googleapis.com/upload/sites/ngodings-npm/versions/5683eac53e8a1087/files/b6d808e216f50a770492f34a36ec838365944c5bcddead9118415d2ec8b482d2 [stream]
[debug] [2023-01-08T16:09:16.915Z] >>> [apiv2][query] POST https://upload-firebasehosting.googleapis.com/upload/sites/ngodings-npm/versions/5683eac53e8a1087/files/666b02f6dde8916f1fe89bd97b117757ec756819010b6648aa10b290ef59859b [none]
[debug] [2023-01-08T16:09:16.915Z] >>> [apiv2][body] POST https://upload-firebasehosting.googleapis.com/upload/sites/ngodings-npm/versions/5683eac53e8a1087/files/666b02f6dde8916f1fe89bd97b117757ec756819010b6648aa10b290ef59859b [stream]
[debug] [2023-01-08T16:09:16.917Z] >>> [apiv2][query] POST https://upload-firebasehosting.googleapis.com/upload/sites/ngodings-npm/versions/5683eac53e8a1087/files/a14cbdd7abbe505877a7602c48567e8790520909d14ab3462f44128502ec4b41 [none]
[debug] [2023-01-08T16:09:16.917Z] >>> [apiv2][body] POST https://upload-firebasehosting.googleapis.com/upload/sites/ngodings-npm/versions/5683eac53e8a1087/files/a14cbdd7abbe505877a7602c48567e8790520909d14ab3462f44128502ec4b41 [stream]
[debug] [2023-01-08T16:09:16.918Z] >>> [apiv2][query] POST https://upload-firebasehosting.googleapis.com/upload/sites/ngodings-npm/versions/5683eac53e8a1087/files/8f27e45944a0c48c3fc516b10c38d88b2d38263f2e4b1fa287438cabdfe5f0a9 [none]
[debug] [2023-01-08T16:09:16.919Z] >>> [apiv2][body] POST https://upload-firebasehosting.googleapis.com/upload/sites/ngodings-npm/versions/5683eac53e8a1087/files/8f27e45944a0c48c3fc516b10c38d88b2d38263f2e4b1fa287438cabdfe5f0a9 [stream]
[debug] [2023-01-08T16:09:16.920Z] >>> [apiv2][query] POST https://upload-firebasehosting.googleapis.com/upload/sites/ngodings-npm/versions/5683eac53e8a1087/files/6289adaca11c891babf016190fb1bd87b3894a5305e1ca5fa1d854efda9a6856 [none]
[debug] [2023-01-08T16:09:16.920Z] >>> [apiv2][body] POST https://upload-firebasehosting.googleapis.com/upload/sites/ngodings-npm/versions/5683eac53e8a1087/files/6289adaca11c891babf016190fb1bd87b3894a5305e1ca5fa1d854efda9a6856 [stream]
[debug] [2023-01-08T16:09:16.921Z] >>> [apiv2][query] POST https://upload-firebasehosting.googleapis.com/upload/sites/ngodings-npm/versions/5683eac53e8a1087/files/2e39e9955afad79280b38a8e04323fc01624f68da7edb0c8d2c70b646d6c7f77 [none]
[debug] [2023-01-08T16:09:16.921Z] >>> [apiv2][body] POST https://upload-firebasehosting.googleapis.com/upload/sites/ngodings-npm/versions/5683eac53e8a1087/files/2e39e9955afad79280b38a8e04323fc01624f68da7edb0c8d2c70b646d6c7f77 [stream]
[debug] [2023-01-08T16:09:16.922Z] >>> [apiv2][query] POST https://upload-firebasehosting.googleapis.com/upload/sites/ngodings-npm/versions/5683eac53e8a1087/files/9a43b16195e456e26553f6e1261f3cc075d1819a9342c7d7bea632af663c6b14 [none]
[debug] [2023-01-08T16:09:16.922Z] >>> [apiv2][body] POST https://upload-firebasehosting.googleapis.com/upload/sites/ngodings-npm/versions/5683eac53e8a1087/files/9a43b16195e456e26553f6e1261f3cc075d1819a9342c7d7bea632af663c6b14 [stream]
[debug] [2023-01-08T16:09:16.923Z] >>> [apiv2][query] POST https://upload-firebasehosting.googleapis.com/upload/sites/ngodings-npm/versions/5683eac53e8a1087/files/2dfb0d993a118ab110af74b462a303d376bbf5e8821d5a5a7f60e12e35168dc0 [none]
[debug] [2023-01-08T16:09:16.923Z] >>> [apiv2][body] POST https://upload-firebasehosting.googleapis.com/upload/sites/ngodings-npm/versions/5683eac53e8a1087/files/2dfb0d993a118ab110af74b462a303d376bbf5e8821d5a5a7f60e12e35168dc0 [stream]
[debug] [2023-01-08T16:09:16.924Z] >>> [apiv2][query] POST https://upload-firebasehosting.googleapis.com/upload/sites/ngodings-npm/versions/5683eac53e8a1087/files/9fd610ebe1f9c8ce7e59cbc4c0965e3468ace7f76ffc8fcf93405a304836e7f7 [none]
[debug] [2023-01-08T16:09:16.924Z] >>> [apiv2][body] POST https://upload-firebasehosting.googleapis.com/upload/sites/ngodings-npm/versions/5683eac53e8a1087/files/9fd610ebe1f9c8ce7e59cbc4c0965e3468ace7f76ffc8fcf93405a304836e7f7 [stream]
[debug] [2023-01-08T16:09:16.925Z] >>> [apiv2][query] POST https://upload-firebasehosting.googleapis.com/upload/sites/ngodings-npm/versions/5683eac53e8a1087/files/c1348dd5b724033af267d7d2ddf6ab3e96b1c4a85de91e5746b7835a774b6377 [none]
[debug] [2023-01-08T16:09:16.925Z] >>> [apiv2][body] POST https://upload-firebasehosting.googleapis.com/upload/sites/ngodings-npm/versions/5683eac53e8a1087/files/c1348dd5b724033af267d7d2ddf6ab3e96b1c4a85de91e5746b7835a774b6377 [stream]
[debug] [2023-01-08T16:09:16.926Z] >>> [apiv2][query] POST https://upload-firebasehosting.googleapis.com/upload/sites/ngodings-npm/versions/5683eac53e8a1087/files/effb9c9d97977eaef48331ce267f338f7ae1003a717c3846f04fdf384d3f1752 [none]
[debug] [2023-01-08T16:09:16.926Z] >>> [apiv2][body] POST https://upload-firebasehosting.googleapis.com/upload/sites/ngodings-npm/versions/5683eac53e8a1087/files/effb9c9d97977eaef48331ce267f338f7ae1003a717c3846f04fdf384d3f1752 [stream]
[debug] [2023-01-08T16:09:16.927Z] >>> [apiv2][query] POST https://upload-firebasehosting.googleapis.com/upload/sites/ngodings-npm/versions/5683eac53e8a1087/files/c64357e6577eab98e29261cfe624365541c7cff060c85d5f243fb9bbee5c5006 [none]
[debug] [2023-01-08T16:09:16.928Z] >>> [apiv2][body] POST https://upload-firebasehosting.googleapis.com/upload/sites/ngodings-npm/versions/5683eac53e8a1087/files/c64357e6577eab98e29261cfe624365541c7cff060c85d5f243fb9bbee5c5006 [stream]
[debug] [2023-01-08T16:09:16.928Z] >>> [apiv2][query] POST https://upload-firebasehosting.googleapis.com/upload/sites/ngodings-npm/versions/5683eac53e8a1087/files/e6c7167c403934a6e8080cd9352ef586c847b89ffff4cd89bcdb1c619856b024 [none]
[debug] [2023-01-08T16:09:16.928Z] >>> [apiv2][body] POST https://upload-firebasehosting.googleapis.com/upload/sites/ngodings-npm/versions/5683eac53e8a1087/files/e6c7167c403934a6e8080cd9352ef586c847b89ffff4cd89bcdb1c619856b024 [stream]
[debug] [2023-01-08T16:09:16.929Z] [hosting][populate queue][FINAL] {"max":492,"min":492,"avg":492,"active":0,"complete":1,"success":1,"errored":0,"retried":0,"total":1,"elapsed":515}
[debug] [2023-01-08T16:09:16.930Z] [hosting] uploads queued: 17
[info] i  hosting: uploading new files [0/17] (0%) 
[debug] [2023-01-08T16:09:18.328Z] <<< [apiv2][status] POST https://upload-firebasehosting.googleapis.com/upload/sites/ngodings-npm/versions/5683eac53e8a1087/files/e6c7167c403934a6e8080cd9352ef586c847b89ffff4cd89bcdb1c619856b024 200
[debug] [2023-01-08T16:09:18.328Z] <<< [apiv2][body] POST https://upload-firebasehosting.googleapis.com/upload/sites/ngodings-npm/versions/5683eac53e8a1087/files/e6c7167c403934a6e8080cd9352ef586c847b89ffff4cd89bcdb1c619856b024 [stream]
[debug] [2023-01-08T16:09:18.492Z] <<< [apiv2][status] POST https://upload-firebasehosting.googleapis.com/upload/sites/ngodings-npm/versions/5683eac53e8a1087/files/c64357e6577eab98e29261cfe624365541c7cff060c85d5f243fb9bbee5c5006 200
[debug] [2023-01-08T16:09:18.493Z] <<< [apiv2][body] POST https://upload-firebasehosting.googleapis.com/upload/sites/ngodings-npm/versions/5683eac53e8a1087/files/c64357e6577eab98e29261cfe624365541c7cff060c85d5f243fb9bbee5c5006 [stream]
[debug] [2023-01-08T16:09:18.528Z] <<< [apiv2][status] POST https://upload-firebasehosting.googleapis.com/upload/sites/ngodings-npm/versions/5683eac53e8a1087/files/666b02f6dde8916f1fe89bd97b117757ec756819010b6648aa10b290ef59859b 200
[debug] [2023-01-08T16:09:18.528Z] <<< [apiv2][body] POST https://upload-firebasehosting.googleapis.com/upload/sites/ngodings-npm/versions/5683eac53e8a1087/files/666b02f6dde8916f1fe89bd97b117757ec756819010b6648aa10b290ef59859b [stream]
[debug] [2023-01-08T16:09:19.002Z] <<< [apiv2][status] POST https://upload-firebasehosting.googleapis.com/upload/sites/ngodings-npm/versions/5683eac53e8a1087/files/dfff8d4f9d6fca9776e0350f47015c28b6a8a7cbe33ad5e190c8572d5a8276be 200
[debug] [2023-01-08T16:09:19.002Z] <<< [apiv2][body] POST https://upload-firebasehosting.googleapis.com/upload/sites/ngodings-npm/versions/5683eac53e8a1087/files/dfff8d4f9d6fca9776e0350f47015c28b6a8a7cbe33ad5e190c8572d5a8276be [stream]
[debug] [2023-01-08T16:09:19.051Z] <<< [apiv2][status] POST https://upload-firebasehosting.googleapis.com/upload/sites/ngodings-npm/versions/5683eac53e8a1087/files/a14cbdd7abbe505877a7602c48567e8790520909d14ab3462f44128502ec4b41 200
[debug] [2023-01-08T16:09:19.051Z] <<< [apiv2][body] POST https://upload-firebasehosting.googleapis.com/upload/sites/ngodings-npm/versions/5683eac53e8a1087/files/a14cbdd7abbe505877a7602c48567e8790520909d14ab3462f44128502ec4b41 [stream]
[debug] [2023-01-08T16:09:19.108Z] <<< [apiv2][status] POST https://upload-firebasehosting.googleapis.com/upload/sites/ngodings-npm/versions/5683eac53e8a1087/files/8f27e45944a0c48c3fc516b10c38d88b2d38263f2e4b1fa287438cabdfe5f0a9 200
[debug] [2023-01-08T16:09:19.108Z] <<< [apiv2][body] POST https://upload-firebasehosting.googleapis.com/upload/sites/ngodings-npm/versions/5683eac53e8a1087/files/8f27e45944a0c48c3fc516b10c38d88b2d38263f2e4b1fa287438cabdfe5f0a9 [stream]
[debug] [2023-01-08T16:09:19.174Z] <<< [apiv2][status] POST https://upload-firebasehosting.googleapis.com/upload/sites/ngodings-npm/versions/5683eac53e8a1087/files/2dfb0d993a118ab110af74b462a303d376bbf5e8821d5a5a7f60e12e35168dc0 200
[debug] [2023-01-08T16:09:19.175Z] <<< [apiv2][body] POST https://upload-firebasehosting.googleapis.com/upload/sites/ngodings-npm/versions/5683eac53e8a1087/files/2dfb0d993a118ab110af74b462a303d376bbf5e8821d5a5a7f60e12e35168dc0 [stream]
[debug] [2023-01-08T16:09:19.185Z] <<< [apiv2][status] POST https://upload-firebasehosting.googleapis.com/upload/sites/ngodings-npm/versions/5683eac53e8a1087/files/effb9c9d97977eaef48331ce267f338f7ae1003a717c3846f04fdf384d3f1752 200
[debug] [2023-01-08T16:09:19.185Z] <<< [apiv2][body] POST https://upload-firebasehosting.googleapis.com/upload/sites/ngodings-npm/versions/5683eac53e8a1087/files/effb9c9d97977eaef48331ce267f338f7ae1003a717c3846f04fdf384d3f1752 [stream]
[debug] [2023-01-08T16:09:19.261Z] <<< [apiv2][status] POST https://upload-firebasehosting.googleapis.com/upload/sites/ngodings-npm/versions/5683eac53e8a1087/files/b6d808e216f50a770492f34a36ec838365944c5bcddead9118415d2ec8b482d2 200
[debug] [2023-01-08T16:09:19.261Z] <<< [apiv2][body] POST https://upload-firebasehosting.googleapis.com/upload/sites/ngodings-npm/versions/5683eac53e8a1087/files/b6d808e216f50a770492f34a36ec838365944c5bcddead9118415d2ec8b482d2 [stream]
[debug] [2023-01-08T16:09:19.589Z] <<< [apiv2][status] POST https://upload-firebasehosting.googleapis.com/upload/sites/ngodings-npm/versions/5683eac53e8a1087/files/6289adaca11c891babf016190fb1bd87b3894a5305e1ca5fa1d854efda9a6856 200
[debug] [2023-01-08T16:09:19.589Z] <<< [apiv2][body] POST https://upload-firebasehosting.googleapis.com/upload/sites/ngodings-npm/versions/5683eac53e8a1087/files/6289adaca11c891babf016190fb1bd87b3894a5305e1ca5fa1d854efda9a6856 [stream]
[debug] [2023-01-08T16:09:19.634Z] <<< [apiv2][status] POST https://upload-firebasehosting.googleapis.com/upload/sites/ngodings-npm/versions/5683eac53e8a1087/files/9fd610ebe1f9c8ce7e59cbc4c0965e3468ace7f76ffc8fcf93405a304836e7f7 200
[debug] [2023-01-08T16:09:19.635Z] <<< [apiv2][body] POST https://upload-firebasehosting.googleapis.com/upload/sites/ngodings-npm/versions/5683eac53e8a1087/files/9fd610ebe1f9c8ce7e59cbc4c0965e3468ace7f76ffc8fcf93405a304836e7f7 [stream]
[debug] [2023-01-08T16:09:19.666Z] <<< [apiv2][status] POST https://upload-firebasehosting.googleapis.com/upload/sites/ngodings-npm/versions/5683eac53e8a1087/files/f06f9ed76a6f5e18c409fa74da07bd1e4512f8596925a9586f14e8548680a554 200
[debug] [2023-01-08T16:09:19.666Z] <<< [apiv2][body] POST https://upload-firebasehosting.googleapis.com/upload/sites/ngodings-npm/versions/5683eac53e8a1087/files/f06f9ed76a6f5e18c409fa74da07bd1e4512f8596925a9586f14e8548680a554 [stream]
[debug] [2023-01-08T16:09:19.797Z] <<< [apiv2][status] POST https://upload-firebasehosting.googleapis.com/upload/sites/ngodings-npm/versions/5683eac53e8a1087/files/7314161d4984345a56851ec330ebe9de761a2e7f497f1494dc46ff1fbad2d31a 200
[debug] [2023-01-08T16:09:19.797Z] <<< [apiv2][body] POST https://upload-firebasehosting.googleapis.com/upload/sites/ngodings-npm/versions/5683eac53e8a1087/files/7314161d4984345a56851ec330ebe9de761a2e7f497f1494dc46ff1fbad2d31a [stream]
[debug] [2023-01-08T16:09:19.816Z] <<< [apiv2][status] POST https://upload-firebasehosting.googleapis.com/upload/sites/ngodings-npm/versions/5683eac53e8a1087/files/928dc48f7ef8a84a2ac3da3d6c489c79098d6695fa1b970a107b0b775eac7ed3 200
[debug] [2023-01-08T16:09:19.817Z] <<< [apiv2][body] POST https://upload-firebasehosting.googleapis.com/upload/sites/ngodings-npm/versions/5683eac53e8a1087/files/928dc48f7ef8a84a2ac3da3d6c489c79098d6695fa1b970a107b0b775eac7ed3 [stream]
[debug] [2023-01-08T16:09:19.831Z] <<< [apiv2][status] POST https://upload-firebasehosting.googleapis.com/upload/sites/ngodings-npm/versions/5683eac53e8a1087/files/2e39e9955afad79280b38a8e04323fc01624f68da7edb0c8d2c70b646d6c7f77 200
[debug] [2023-01-08T16:09:19.831Z] <<< [apiv2][body] POST https://upload-firebasehosting.googleapis.com/upload/sites/ngodings-npm/versions/5683eac53e8a1087/files/2e39e9955afad79280b38a8e04323fc01624f68da7edb0c8d2c70b646d6c7f77 [stream]
[debug] [2023-01-08T16:09:19.903Z] <<< [apiv2][status] POST https://upload-firebasehosting.googleapis.com/upload/sites/ngodings-npm/versions/5683eac53e8a1087/files/c1348dd5b724033af267d7d2ddf6ab3e96b1c4a85de91e5746b7835a774b6377 200
[debug] [2023-01-08T16:09:19.903Z] <<< [apiv2][body] POST https://upload-firebasehosting.googleapis.com/upload/sites/ngodings-npm/versions/5683eac53e8a1087/files/c1348dd5b724033af267d7d2ddf6ab3e96b1c4a85de91e5746b7835a774b6377 [stream]
[info] i  hosting: uploading new files [16/17] (94%) 
[info] i  hosting: uploading new files [16/17] (94%) 
[info] i  hosting: uploading new files [16/17] (94%) 
[info] i  hosting: uploading new files [16/17] (94%) 
